生成启动时间为 2015/12/3 8:04:14。
     1>项目“G:\fuck计算机\fuck\fuck.vcxproj”在节点 2 上(build 个目标)。
     1>InitializeBuildStatus:
         正在创建“Debug\fuck.unsuccessfulbuild”，因为已指定“AlwaysCreate”。
       ClCompile:
         C:\Program Files\Microsoft Visual Studio 10.0\VC\bin\CL.exe /c /ZI /nologo /W3 /WX- /Od /Oy- /D WIN32 /D _WINDOWS /D _DEBUG /D _UNICODE /D UNICODE /D _AFXDLL /Gm /EHsc /RTC1 /MDd /GS /fp:precise /Zc:wchar_t /Zc:forScope /Yc"StdAfx.h" /Fp"Debug\fuck.pch" /Fo"Debug\\" /Fd"Debug\vc100.pdb" /Gd /TP /analyze- /errorReport:prompt stdafx.cpp
         stdafx.cpp
         C:\Program Files\Microsoft Visual Studio 10.0\VC\bin\CL.exe /c /ZI /nologo /W3 /WX- /Od /Oy- /D WIN32 /D _WINDOWS /D _DEBUG /D _UNICODE /D UNICODE /D _AFXDLL /Gm /EHsc /RTC1 /MDd /GS /fp:precise /Zc:wchar_t /Zc:forScope /Yu"StdAfx.h" /Fp"Debug\fuck.pch" /Fo"Debug\\" /Fd"Debug\vc100.pdb" /Gd /TP /analyze- /errorReport:prompt fuck.cpp fuckDlg.cpp
         fuckDlg.cpp
         fuck.cpp
         正在生成代码...
       ResourceCompile:
         C:\Program Files\Microsoft SDKs\Windows\v7.0A\bin\rc.exe /D _DEBUG /D _UNICODE /D UNICODE /D _AFXDLL /l"0x0804" /IDebug\ /nologo /fo"Debug\fuck.res" fuck.rc 
       ManifestResourceCompile:
         C:\Program Files\Microsoft SDKs\Windows\v7.0A\bin\rc.exe /nologo /fo"Debug\fuck.exe.embed.manifest.res" Debug\fuck_manifest.rc 
       Link:
         C:\Program Files\Microsoft Visual Studio 10.0\VC\bin\link.exe /ERRORREPORT:PROMPT /OUT:"G:\fuck计算机\Debug\fuck.exe" /INCREMENTAL /NOLOGO /MANIFEST /ManifestFile:"Debug\fuck.exe.intermediate.manifest" /MANIFESTUAC:"level='asInvoker' uiAccess='false'" /DEBUG /PDB:"G:\fuck计算机\Debug\fuck.pdb" /SUBSYSTEM:WINDOWS /TLBID:1 /ENTRY:"wWinMainCRTStartup" /DYNAMICBASE /NXCOMPAT /IMPLIB:"G:\fuck计算机\Debug\fuck.lib" /MACHINE:X86 Debug\fuck.res
         Debug\fuck.exe.embed.manifest.res
         Debug\fuck.obj
         Debug\fuckDlg.obj
         Debug\stdafx.obj
         LINK : 没有找到 G:\fuck计算机\Debug\fuck.exe 或上一个增量链接没有生成它；正在执行完全链接
       Manifest:
         C:\Program Files\Microsoft SDKs\Windows\v7.0A\bin\mt.exe /nologo /verbose /out:"Debug\fuck.exe.embed.manifest" /manifest Debug\fuck.exe.intermediate.manifest "C:\Program Files\Microsoft Visual Studio 10.0\VC\Include\Manifest\dpiaware.manifest"
         所有输出均为最新。
       LinkEmbedManifest:
         所有输出均为最新。
         fuck.vcxproj -> G:\fuck计算机\Debug\fuck.exe
       FinalizeBuildStatus:
         正在删除文件“Debug\fuck.unsuccessfulbuild”。
         正在对“Debug\fuck.lastbuildstate”执行 Touch 任务。
     1>已完成生成项目“G:\fuck计算机\fuck\fuck.vcxproj”(build 个目标)的操作。

生成成功。

已用时间 00:00:45.60
